DEBUG: show_anime_details çaðrýldý: Gachiakuta
DEBUG: Thread baþlatýlýyor
DEBUG: load_sources_worker baþladý
DEBUG: Thread baþlatýldý
DEBUG: show_anime_details tamamlandý
DEBUG: TürkAnime aramasý baþlatýlýyor (timeout: 8s)
DEBUG: AnimeciX aramasý baþlatýlýyor (timeout: 8s)
DEBUG: AniList aramasý baþlatýlýyor (timeout: 5s)
DEBUG: AniList tamamlandý - 1 sonuç
DEBUG: AniList tamamlandý: 0.28s
DEBUG: AnimeciX tamamlandý - 11 bölüm
DEBUG: AnimeciX tamamlandý: 0.78s
DEBUG: TürkAnime tamamlandý - 10 bölüm
DEBUG: TürkAnime tamamlandý: 1.37s
INFO: Baþarýyla yüklenen kaynaklar: TürkAnime, AnimeciX, AniList
DEBUG: all_episodes set to: ['AniList', 'AnimeciX', 'TürkAnime']
DEBUG: render_sources_page scheduled
DEBUG: render_sources_page çaðrýldý, all_episodes: ['AniList', 'AnimeciX', 'TürkAnime']
DEBUG: render_sources_page tamamlandý
DEBUG: create_accordion baþladý
DEBUG: create_accordion tamamlandý
DEBUG: show_anime_details çaðrýldý: Dandadan 2nd Season
DEBUG: Thread baþlatýlýyor
DEBUG: load_sources_worker baþladý
DEBUG: show_anime_details tamamlandý
DEBUG: TürkAnime aramasý baþlatýlýyor (timeout: 8s)
DEBUG: AnimeciX aramasý baþlatýlýyor (timeout: 8s)
DEBUG: AniList aramasý baþlatýlýyor (timeout: 5s)
DEBUG: AniList tamamlandý - 1 sonuç
DEBUG: AniList tamamlandý: 0.40s
DEBUG: AnimeciX tamamlandý - 24 bölüm
DEBUG: AnimeciX tamamlandý: 0.88s
DEBUG: TürkAnime tamamlandý - 12 bölüm
DEBUG: TürkAnime tamamlandý: 1.20s
INFO: Baþarýyla yüklenen kaynaklar: TürkAnime, AnimeciX, AniList
DEBUG: all_episodes set to: ['AniList', 'AnimeciX', 'TürkAnime']
DEBUG: render_sources_page scheduled
DEBUG: render_sources_page çaðrýldý, all_episodes: ['AniList', 'AnimeciX', 'TürkAnime']
DEBUG: render_sources_page tamamlandý
DEBUG: create_accordion baþladý
DEBUG: create_accordion tamamlandý
DEBUG: show_anime_details çaðrýldý: Gachiakuta
DEBUG: Thread baþlatýlýyor
DEBUG: load_sources_worker baþladý
DEBUG: Thread baþlatýldý
DEBUG: show_anime_details tamamlandý
DEBUG: TürkAnime aramasý baþlatýlýyor (timeout: 8s)
DEBUG: AnimeciX aramasý baþlatýlýyor (timeout: 8s)
DEBUG: AniList aramasý baþlatýlýyor (timeout: 5s)
DEBUG: AniList tamamlandý - 1 sonuç
DEBUG: AniList tamamlandý: 0.30s
DEBUG: AnimeciX tamamlandý - 11 bölüm
DEBUG: AnimeciX tamamlandý: 0.59s
DEBUG: TürkAnime tamamlandý - 10 bölüm
DEBUG: TürkAnime tamamlandý: 0.69s
INFO: Baþarýyla yüklenen kaynaklar: TürkAnime, AnimeciX, AniList
DEBUG: all_episodes set to: ['AniList', 'AnimeciX', 'TürkAnime']
DEBUG: render_sources_page scheduled
DEBUG: render_sources_page çaðrýldý, all_episodes: ['AniList', 'AnimeciX', 'TürkAnime']
DEBUG: render_sources_page tamamlandý
DEBUG: create_accordion baþladý
DEBUG: create_accordion tamamlandý
DEBUG: show_anime_details çaðrýldý: Gachiakuta
DEBUG: Thread baþlatýlýyor
DEBUG: Thread baþlatýldý
DEBUG: load_sources_worker baþladý
DEBUG: show_anime_details tamamlandý
DEBUG: TürkAnime aramasý baþlatýlýyor (timeout: 8s)
DEBUG: AnimeciX aramasý baþlatýlýyor (timeout: 8s)
DEBUG: AniList aramasý baþlatýlýyor (timeout: 5s)
DEBUG: AniList tamamlandý - 1 sonuç
DEBUG: AniList tamamlandý: 0.32s
DEBUG: AnimeciX tamamlandý - 11 bölüm
DEBUG: AnimeciX tamamlandý: 0.79s
DEBUG: TürkAnime tamamlandý - 10 bölüm
DEBUG: TürkAnime tamamlandý: 1.33s
INFO: Baþarýyla yüklenen kaynaklar: TürkAnime, AnimeciX, AniList
DEBUG: all_episodes set to: ['AniList', 'AnimeciX', 'TürkAnime']
DEBUG: render_sources_page scheduled
DEBUG: render_sources_page çaðrýldý, all_episodes: ['AniList', 'AnimeciX', 'TürkAnime']
DEBUG: render_sources_page tamamlandý
DEBUG: create_accordion baþladý
DEBUG: create_accordion tamamlandý
DEBUG: show_anime_details çaðrýldý: ONE PIECE
DEBUG: Thread baþlatýlýyor
DEBUG: Thread baþlatýldý
DEBUG: load_sources_worker baþladý
DEBUG: show_anime_details tamamlandý
DEBUG: TürkAnime aramasý baþlatýlýyor (timeout: 8s)
DEBUG: AniList aramasý baþlatýlýyor (timeout: 5s)
DEBUG: AnimeciX aramasý baþlatýlýyor (timeout: 8s)
DEBUG: AniList tamamlandý - 1 sonuç
DEBUG: AniList tamamlandý: 0.30s
DEBUG: TürkAnime tamamlandý - 5 bölüm
DEBUG: TürkAnime tamamlandý: 0.69s
DEBUG: AnimeciX tamamlandý - 8 bölüm
DEBUG: AnimeciX tamamlandý: 0.77s
INFO: Baþarýyla yüklenen kaynaklar: TürkAnime, AnimeciX, AniList
DEBUG: all_episodes set to: ['AniList', 'TürkAnime', 'AnimeciX']
DEBUG: render_sources_page scheduled
DEBUG: render_sources_page çaðrýldý, all_episodes: ['AniList', 'TürkAnime', 'AnimeciX']
DEBUG: render_sources_page tamamlandý
DEBUG: create_accordion baþladý
DEBUG: create_accordion tamamlandý
DEBUG: show_anime_details çaðrýldý: {'romaji': 'ONE PIECE', 'english': 'ONE PIECE', 'native': 'ONE PIECE'}
DEBUG: Thread baþlatýlýyor
DEBUG: Thread baþlatýldý
DEBUG: load_sources_worker baþladý
DEBUG: show_anime_details tamamlandý
DEBUG: TürkAnime aramasý baþlatýlýyor (timeout: 8s)
DEBUG: AnimeciX aramasý baþlatýlýyor (timeout: 8s)
DEBUG: AniList aramasý baþlatýlýyor (timeout: 5s)
DEBUG: AnimeciX - sonuç bulunamadý
DEBUG: AnimeciX tamamlandý: 0.01s
DEBUG: AniList - sonuç bulunamadý
DEBUG: AniList tamamlandý: 0.27s
DEBUG: TürkAnime - sonuç bulunamadý
DEBUG: TürkAnime tamamlandý: 0.47s
INFO: Sonuç bulunmayan kaynaklar: TürkAnime, AnimeciX, AniList
DEBUG: all_episodes set to: []
DEBUG: render_sources_page scheduled
DEBUG: render_sources_page çaðrýldý, all_episodes: None
DEBUG: show_anime_details çaðrýldý: One Piece
DEBUG: Thread baþlatýlýyor
DEBUG: Thread baþlatýldý
DEBUG: load_sources_worker baþladý
DEBUG: show_anime_details tamamlandý
DEBUG: TürkAnime aramasý baþlatýlýyor (timeout: 8s)
DEBUG: AnimeciX aramasý baþlatýlýyor (timeout: 8s)
DEBUG: AniList aramasý baþlatýlýyor (timeout: 5s)
DEBUG: AniList tamamlandý - 1 sonuç
DEBUG: AniList tamamlandý: 0.29s
DEBUG: AnimeciX tamamlandý - 8 bölüm
DEBUG: AnimeciX tamamlandý: 0.55s
DEBUG: TürkAnime tamamlandý - 5 bölüm
DEBUG: TürkAnime tamamlandý: 0.68s
INFO: Baþarýyla yüklenen kaynaklar: TürkAnime, AnimeciX, AniList
DEBUG: all_episodes set to: ['AniList', 'AnimeciX', 'TürkAnime']
DEBUG: render_sources_page scheduled
DEBUG: render_sources_page çaðrýldý, all_episodes: ['AniList', 'AnimeciX', 'TürkAnime']
DEBUG: render_sources_page tamamlandý
DEBUG: create_accordion baþladý
DEBUG: create_accordion tamamlandý
DEBUG: show_anime_details çaðrýldý: ONE PIECE
DEBUG: Thread baþlatýlýyor
DEBUG: Thread baþlatýldý
DEBUG: load_sources_worker baþladý
DEBUG: show_anime_details tamamlandý
DEBUG: TürkAnime aramasý baþlatýlýyor (timeout: 8s)
DEBUG: AnimeciX aramasý baþlatýlýyor (timeout: 8s)
DEBUG: AniList aramasý baþlatýlýyor (timeout: 5s)
DEBUG: AniList tamamlandý - 1 sonuç
DEBUG: AniList tamamlandý: 0.29s
DEBUG: AnimeciX tamamlandý - 8 bölüm
DEBUG: AnimeciX tamamlandý: 0.57s
DEBUG: TürkAnime tamamlandý - 5 bölüm
DEBUG: TürkAnime tamamlandý: 1.32s
INFO: Baþarýyla yüklenen kaynaklar: TürkAnime, AnimeciX, AniList
DEBUG: all_episodes set to: ['AniList', 'AnimeciX', 'TürkAnime']
DEBUG: render_sources_page scheduled
DEBUG: render_sources_page çaðrýldý, all_episodes: ['AniList', 'AnimeciX', 'TürkAnime']
DEBUG: render_sources_page tamamlandý
DEBUG: create_accordion baþladý
DEBUG: create_accordion tamamlandý
DEBUG: show_anime_details çaðrýldý: ONE PIECE
DEBUG: Thread baþlatýlýyor
DEBUG: load_sources_worker baþladý
DEBUG: Thread baþlatýldý
DEBUG: show_anime_details tamamlandý
DEBUG: TürkAnime aramasý baþlatýlýyor (timeout: 8s)
DEBUG: AnimeciX aramasý baþlatýlýyor (timeout: 8s)
DEBUG: AniList aramasý baþlatýlýyor (timeout: 5s)
DEBUG: AniList tamamlandý - 1 sonuç
DEBUG: AniList tamamlandý: 0.30s
DEBUG: AnimeciX tamamlandý - 8 bölüm
DEBUG: AnimeciX tamamlandý: 0.57s
DEBUG: TürkAnime tamamlandý - 5 bölüm
DEBUG: TürkAnime tamamlandý: 0.74s
INFO: Baþarýyla yüklenen kaynaklar: TürkAnime, AnimeciX, AniList
DEBUG: all_episodes set to: ['AniList', 'AnimeciX', 'TürkAnime']
DEBUG: render_sources_page scheduled
DEBUG: render_sources_page çaðrýldý, all_episodes: ['AniList', 'AnimeciX', 'TürkAnime']
DEBUG: render_sources_page tamamlandý
DEBUG: create_accordion baþladý
DEBUG: create_accordion tamamlandý
DEBUG: show_anime_details çaðrýldý: ONE PIECE
DEBUG: Thread baþlatýlýyor
DEBUG: Thread baþlatýldý
 baþladý
DEBUG: show_anime_details tamamlandý
DEBUG: TürkAnime aramasý baþlatýlýyor (timeout: 8s)
DEBUG: AnimeciX aramasý baþlatýlýyor (timeout: 8s)
DEBUG: AniList aramasý baþlatýlýyor (timeout: 5s)
DEBUG: AniList tamamlandý - 1 sonuç
DEBUG: AniList tamamlandý: 0.29s
DEBUG: AnimeciX tamamlandý - 8 bölüm
DEBUG: AnimeciX tamamlandý: 0.58s
DEBUG: TürkAnime tamamlandý - 5 bölüm
DEBUG: TürkAnime tamamlandý: 0.72s
INFO: Baþarýyla yüklenen kaynaklar: TürkAnime, AnimeciX, AniList
DEBUG: all_episodes set to: ['AniList', 'AnimeciX', 'TürkAnime']
DEBUG: render_sources_page scheduled
DEBUG: render_sources_page çaðrýldý, all_episodes: ['AniList', 'AnimeciX', 'TürkAnime']
DEBUG: render_sources_page tamamlandý
DEBUG: create_accordion baþladý
DEBUG: create_accordion tamamlandý
DEBUG: show_anime_details çaðrýldý: One Piece
DEBUG: Thread baþlatýlýyor
DEBUG: load_sources_worker baþladý
DEBUG: Thread baþlatýldý
DEBUG: show_anime_details tamamlandý
DEBUG: TürkAnime aramasý baþlatýlýyor (timeout: 8s)
DEBUG: AnimeciX aramasý baþlatýlýyor (timeout: 8s)
DEBUG: AniList aramasý baþlatýlýyor (timeout: 5s)
DEBUG: AniList tamamlandý - 1 sonuç
DEBUG: AniList tamamlandý: 0.30s
DEBUG: AnimeciX tamamlandý - 8 bölüm
DEBUG: AnimeciX tamamlandý: 0.57s
DEBUG: TürkAnime tamamlandý - 5 bölüm
DEBUG: TürkAnime tamamlandý: 0.74s
INFO: Baþarýyla yüklenen kaynaklar: TürkAnime, AnimeciX, AniList
DEBUG: all_episodes set to: ['AniList', 'AnimeciX', 'TürkAnime']
DEBUG: render_sources_page scheduled
DEBUG: render_sources_page çaðrýldý, all_episodes: ['AniList', 'AnimeciX', 'TürkAnime']
DEBUG: render_sources_page tamamlandý
DEBUG: create_accordion baþladý
DEBUG: create_accordion tamamlandý
DEBUG: show_anime_details çaðrýldý: ONE PIECE
DEBUG: Thread baþlatýlýyor
DEBUG: load_sources_worker baþladý
DEBUG: Thread baþlatýldý
DEBUG: show_anime_details tamamlandý
DEBUG: TürkAnime aramasý baþlatýlýyor (timeout: 8s)
DEBUG: AnimeciX aramasý baþlatýlýyor (timeout: 8s)
DEBUG: AniList aramasý baþlatýlýyor (timeout: 5s)
DEBUG: AniList tamamlandý - 1 sonuç
DEBUG: AniList tamamlandý: 0.29s
DEBUG: TürkAnime tamamlandý - 5 bölüm
DEBUG: TürkAnime tamamlandý: 0.69s
DEBUG: AnimeciX tamamlandý - 8 bölüm
DEBUG: AnimeciX tamamlandý: 1.57s
INFO: Baþarýyla yüklenen kaynaklar: TürkAnime, AnimeciX, AniList
DEBUG: all_episodes set to: ['AniList', 'TürkAnime', 'AnimeciX']
DEBUG: render_sources_page scheduled
DEBUG: render_sources_page çaðrýldý, all_episodes: ['AniList', 'TürkAnime', 'AnimeciX']
DEBUG: render_sources_page tamamlandý
DEBUG: create_accordion baþladý
DEBUG: create_accordion tamamlandý
DEBUG: show_anime_details çaðrýldý: ONE PIECE
DEBUG: Thread baþlatýlýyor
DEBUG: Thread baþlatýldý
DEBUG: load_sources_worker baþladý
DEBUG: show_anime_details tamamlandý
DEBUG: TürkAnime aramasý baþlatýlýyor (timeout: 8s)
DEBUG: AniList aramasý baþlatýlýyor (timeout: 5s)
DEBUG: AnimeciX aramasý baþlatýlýyor (timeout: 8s)
DEBUG: AniList tamamlandý - 1 sonuç
DEBUG: AniList tamamlandý: 0.28s
DEBUG: AnimeciX tamamlandý - 8 bölüm
DEBUG: AnimeciX tamamlandý: 0.59s
DEBUG: TürkAnime tamamlandý - 5 bölüm
DEBUG: TürkAnime tamamlandý: 0.74s
INFO: Baþarýyla yüklenen kaynaklar: TürkAnime, AnimeciX, AniList
DEBUG: all_episodes set to: ['AniList', 'AnimeciX', 'TürkAnime']
DEBUG: render_sources_page scheduled
DEBUG: render_sources_page çaðrýldý, all_episodes: ['AniList', 'AnimeciX', 'TürkAnime']
DEBUG: render_sources_page tamamlandý
DEBUG: create_accordion baþladý
DEBUG: create_accordion tamamlandý
DEBUG: show_anime_details çaðrýldý: One Piece
DEBUG: Thread baþlatýlýyor
DEBUG: load_sources_worker baþladý
DEBUG: Thread baþlatýldý
DEBUG: show_anime_details tamamlandý
DEBUG: TürkAnime aramasý baþlatýlýyor (timeout: 8s)
DEBUG: AnimeciX aramasý baþlatýlýyor (timeout: 8s)
DEBUG: AniList aramasý baþlatýlýyor (timeout: 5s)
DEBUG: AniList tamamlandý - 1 sonuç
DEBUG: AniList tamamlandý: 0.30s
DEBUG: AnimeciX tamamlandý - 8 bölüm
DEBUG: AnimeciX tamamlandý: 0.58s
DEBUG: TürkAnime tamamlandý - 5 bölüm
DEBUG: TürkAnime tamamlandý: 0.66s
INFO: Baþarýyla yüklenen kaynaklar: TürkAnime, AnimeciX, AniList
DEBUG: all_episodes set to: ['AniList', 'AnimeciX', 'TürkAnime']
DEBUG: render_sources_page scheduled
DEBUG: render_sources_page çaðrýldý, all_episodes: ['AniList', 'AnimeciX', 'TürkAnime']
DEBUG: render_sources_page tamamlandý
DEBUG: create_accordion baþladý
DEBUG: create_accordion tamamlandý
DEBUG: show_anime_details çaðrýldý: ONE PIECE
DEBUG: Thread baþlatýlýyor
DEBUG: load_sources_worker baþladý
DEBUG: Thread baþlatýldý
DEBUG: show_anime_details tamamlandý
DEBUG: TürkAnime aramasý baþlatýlýyor (timeout: 8s)
DEBUG: AnimeciX aramasý baþlatýlýyor (timeout: 8s)
DEBUG: AniList aramasý baþlatýlýyor (timeout: 5s)
DEBUG: AniList tamamlandý - 1 sonuç
DEBUG: AniList tamamlandý: 0.30s
DEBUG: AnimeciX tamamlandý - 8 bölüm
DEBUG: AnimeciX tamamlandý: 0.56s
DEBUG: TürkAnime tamamlandý - 5 bölüm
DEBUG: TürkAnime tamamlandý: 1.32s
INFO: Baþarýyla yüklenen kaynaklar: TürkAnime, AnimeciX, AniList
DEBUG: all_episodes set to: ['AniList', 'AnimeciX', 'TürkAnime']
DEBUG: render_sources_page scheduled
DEBUG: render_sources_page çaðrýldý, all_episodes: ['AniList', 'AnimeciX', 'TürkAnime']
DEBUG: render_sources_page tamamlandý
DEBUG: create_accordion baþladý
DEBUG: create_accordion tamamlandý
DEBUG: show_anime_details çaðrýldý: ONE PIECE
DEBUG: Thread baþlatýlýyor
DEBUG: load_sources_worker baþladý
DEBUG: Thread baþlatýldý
DEBUG: show_anime_details tamamlandý
DEBUG: TürkAnime aramasý baþlatýlýyor (timeout: 8s)
DEBUG: AnimeciX aramasý baþlatýlýyor (timeout: 8s)
DEBUG: AniList aramasý baþlatýlýyor (timeout: 5s)
DEBUG: AniList tamamlandý - 1 sonuç
DEBUG: AniList tamamlandý: 0.31s
DEBUG: AnimeciX tamamlandý - 8 bölüm
DEBUG: AnimeciX tamamlandý: 0.54s
DEBUG: TürkAnime tamamlandý - 5 bölüm
DEBUG: TürkAnime tamamlandý: 0.73s
INFO: Baþarýyla yüklenen kaynaklar: TürkAnime, AnimeciX, AniList
DEBUG: all_episodes set to: ['AniList', 'AnimeciX', 'TürkAnime']
DEBUG: render_sources_page scheduled
DEBUG: render_sources_page çaðrýldý, all_episodes: ['AniList', 'AnimeciX', 'TürkAnime']
DEBUG: render_sources_page tamamlandý
DEBUG: create_accordion baþladý
DEBUG: create_accordion tamamlandý
DEBUG: show_anime_details çaðrýldý: One Piece
DEBUG: Thread baþlatýlýyor
DEBUG: load_sources_worker baþladý
DEBUG: Thread baþlatýldý
DEBUG: show_anime_details tamamlandý
DEBUG: TürkAnime aramasý baþlatýlýyor (timeout: 8s)
DEBUG: AnimeciX aramasý baþlatýlýyor (timeout: 8s)
DEBUG: AniList aramasý baþlatýlýyor (timeout: 5s)
DEBUG: AniList tamamlandý - 1 sonuç
DEBUG: AniList tamamlandý: 0.33s
DEBUG: AnimeciX tamamlandý - 8 bölüm
DEBUG: AnimeciX tamamlandý: 0.58s
DEBUG: TürkAnime tamamlandý - 5 bölüm
DEBUG: TürkAnime tamamlandý: 0.74s
INFO: Baþarýyla yüklenen kaynaklar: TürkAnime, AnimeciX, AniList
DEBUG: all_episodes set to: ['AniList', 'AnimeciX', 'TürkAnime']
DEBUG: render_sources_page scheduled
DEBUG: render_sources_page çaðrýldý, all_episodes: ['AniList', 'AnimeciX', 'TürkAnime']
DEBUG: render_sources_page tamamlandý
DEBUG: create_accordion baþladý
DEBUG: create_accordion tamamlandý
DEBUG: show_anime_details çaðrýldý: Dandadan 2nd Season
DEBUG: Thread baþlatýlýyor
DEBUG: Thread baþlatýldý
DEBUG: load_sources_worker baþladý
DEBUG: show_anime_details tamamlandý
DEBUG: TürkAnime aramasý baþlatýlýyor (timeout: 8s)
DEBUG: AnimeciX aramasý baþlatýlýyor (timeout: 8s)
DEBUG: AniList aramasý baþlatýlýyor (timeout: 5s)
DEBUG: AniList tamamlandý - 1 sonuç
DEBUG: AniList tamamlandý: 0.33s
DEBUG: TürkAnime tamamlandý - 12 bölüm
DEBUG: TürkAnime tamamlandý: 0.76s
DEBUG: AnimeciX tamamlandý - 24 bölüm
DEBUG: AnimeciX tamamlandý: 0.87s
INFO: Baþarýyla yüklenen kaynaklar: TürkAnime, AnimeciX, AniList
DEBUG: all_episodes set to: ['AniList', 'TürkAnime', 'AnimeciX']
DEBUG: render_sources_page scheduled
DEBUG: render_sources_page çaðrýldý, all_episodes: ['AniList', 'TürkAnime', 'AnimeciX']
DEBUG: render_sources_page tamamlandý
DEBUG: create_accordion baþladý
DEBUG: create_accordion tamamlandý
DEBUG: show_anime_details çaðrýldý: Dandadan
DEBUG: Thread baþlatýlýyor
DEBUG: load_sources_worker baþladý
DEBUG: Thread baþlatýldý
DEBUG: show_anime_details tamamlandý
DEBUG: TürkAnime aramasý baþlatýlýyor (timeout: 8s)
DEBUG: AnimeciX aramasý baþlatýlýyor (timeout: 8s)
DEBUG: AniList aramasý baþlatýlýyor (timeout: 5s)
DEBUG: AniList tamamlandý - 1 sonuç
DEBUG: AniList tamamlandý: 0.30s
DEBUG: TürkAnime tamamlandý - 12 bölüm
DEBUG: TürkAnime tamamlandý: 0.72s
DEBUG: AnimeciX tamamlandý - 24 bölüm
DEBUG: AnimeciX tamamlandý: 0.89s
INFO: Baþarýyla yüklenen kaynaklar: TürkAnime, AnimeciX, AniList
DEBUG: all_episodes set to: ['AniList', 'TürkAnime', 'AnimeciX']
DEBUG: render_sources_page scheduled
DEBUG: render_sources_page çaðrýldý, all_episodes: ['AniList', 'TürkAnime', 'AnimeciX']
DEBUG: render_sources_page tamamlandý
DEBUG: create_accordion baþladý
DEBUG: create_accordion tamamlandý
DEBUG: show_anime_details çaðrýldý: Dandadan 2nd Season
DEBUG: Thread baþlatýlýyor
DEBUG: load_sources_worker baþladý
DEBUG: Thread baþlatýldý
DEBUG: show_anime_details tamamlandý
DEBUG: TürkAnime aramasý baþlatýlýyor (timeout: 8s)
DEBUG: AnimeciX aramasý baþlatýlýyor (timeout: 8s)
DEBUG: AniList aramasý baþlatýlýyor (timeout: 5s)
DEBUG: AniList tamamlandý - 1 sonuç
DEBUG: AniList tamamlandý: 0.31s
DEBUG: AnimeciX tamamlandý - 24 bölüm
DEBUG: AnimeciX tamamlandý: 0.86s
DEBUG: TürkAnime tamamlandý - 12 bölüm
DEBUG: TürkAnime tamamlandý: 1.33s
INFO: Baþarýyla yüklenen kaynaklar: TürkAnime, AnimeciX, AniList
DEBUG: all_episodes set to: ['AniList', 'AnimeciX', 'TürkAnime']
DEBUG: render_sources_page scheduled
DEBUG: render_sources_page çaðrýldý, all_episodes: ['AniList', 'AnimeciX', 'TürkAnime']
DEBUG: render_sources_page tamamlandý
DEBUG: create_accordion baþladý
DEBUG: create_accordion tamamlandý
DEBUG: show_anime_details çaðrýldý: Mikata ga Yowa Sugite Hojo Mahou ni Toushite Ita Kyuutei Mahoushi, Tsuihou Sarete Saikyou wo Mezasu
DEBUG: Thread baþlatýlýyor
DEBUG: load_sources_worker baþladý
DEBUG: Thread baþlatýldý
DEBUG: show_anime_details tamamlandý
DEBUG: TürkAnime aramasý baþlatýlýyor (timeout: 8s)
DEBUG: AnimeciX aramasý baþlatýlýyor (timeout: 8s)
DEBUG: AniList aramasý baþlatýlýyor (timeout: 5s)
DEBUG: Anizle aramasý baþlatýlýyor (timeout: 10s)
DEBUG: TürkAnime - sonuç bulunamadý
DEBUG: TürkAnime tamamlandý: 0.18s
DEBUG: Anizle - sonuç bulunamadý
DEBUG: Anizle tamamlandý: 0.19s
DEBUG: AniList tamamlandý - 1 sonuç
DEBUG: AniList tamamlandý: 0.35s
DEBUG: AnimeciX tamamlandý - 6 bölüm
DEBUG: AnimeciX tamamlandý: 0.68s
INFO: Baþarýyla yüklenen kaynaklar: AnimeciX, AniList
INFO: Sonuç bulunmayan kaynaklar: TürkAnime, Anizle
DEBUG: all_episodes set to: ['AniList', 'AnimeciX']
DEBUG: render_sources_page scheduled
DEBUG: render_sources_page çaðrýldý, all_episodes: ['AniList', 'AnimeciX']
DEBUG: render_sources_page tamamlandý
DEBUG: create_accordion baþladý
DEBUG: create_accordion tamamlandý
DEBUG: show_anime_details çaðrýldý: SPY×FAMILY Season 3
DEBUG: Thread baþlatýlýyor
DEBUG: load_sources_worker baþladý
DEBUG: Thread baþlatýldý
DEBUG: show_anime_details tamamlandý
DEBUG: TürkAnime aramasý baþlatýlýyor (timeout: 8s)
DEBUG: AnimeciX aramasý baþlatýlýyor (timeout: 8s)
DEBUG: AniList aramasý baþlatýlýyor (timeout: 5s)
DEBUG: Anizle aramasý baþlatýlýyor (timeout: 10s)
DEBUG: Anizle - sonuç bulunamadý
DEBUG: Anizle tamamlandý: 0.15s
DEBUG: AniList tamamlandý - 1 sonuç
DEBUG: AniList tamamlandý: 0.39s
DEBUG: AnimeciX tamamlandý - 0 bölüm
DEBUG: AnimeciX tamamlandý: 0.45s
DEBUG: TürkAnime - sonuç bulunamadý
DEBUG: TürkAnime tamamlandý: 1.71s
INFO: Baþarýyla yüklenen kaynaklar: AnimeciX, AniList
INFO: Sonuç bulunmayan kaynaklar: TürkAnime, Anizle
DEBUG: all_episodes set to: ['AniList', 'AnimeciX']
DEBUG: render_sources_page scheduled
DEBUG: render_sources_page çaðrýldý, all_episodes: ['AniList', 'AnimeciX']
DEBUG: render_sources_page tamamlandý
DEBUG: create_accordion baþladý
DEBUG: create_accordion tamamlandý
DEBUG: show_anime_details çaðrýldý: Dandadan 2nd Season
DEBUG: Thread baþlatýlýyor
DEBUG: Thread baþlatýldý
DEBUG: load_sources_worker baþladý
DEBUG: show_anime_details tamamlandý
DEBUG: TürkAnime aramasý baþlatýlýyor (timeout: 8s)
DEBUG: AnimeciX aramasý baþlatýlýyor (timeout: 8s)
DEBUG: Anizle aramasý baþlatýlýyor (timeout: 10s)
DEBUG: AniList aramasý baþlatýlýyor (timeout: 5s)
DEBUG: Anizle - sonuç bulunamadý
DEBUG: Anizle tamamlandý: 0.17s
DEBUG: AniList tamamlandý - 1 sonuç
DEBUG: AniList tamamlandý: 0.39s
DEBUG: AnimeciX tamamlandý - 24 bölüm
DEBUG: AnimeciX tamamlandý: 1.09s
DEBUG: TürkAnime tamamlandý - 12 bölüm
DEBUG: TürkAnime tamamlandý: 1.15s
INFO: Baþarýyla yüklenen kaynaklar: TürkAnime, AnimeciX, AniList
INFO: Sonuç bulunmayan kaynaklar: Anizle
DEBUG: all_episodes set to: ['AniList', 'AnimeciX', 'TürkAnime']
DEBUG: render_sources_page scheduled
DEBUG: render_sources_page çaðrýldý, all_episodes: ['AniList', 'AnimeciX', 'TürkAnime']
DEBUG: render_sources_page tamamlandý
DEBUG: create_accordion baþladý
DEBUG: create_accordion tamamlandý
DEBUG: show_anime_details çaðrýldý: ONE PIECE
DEBUG: Thread baþlatýlýyor
DEBUG: Thread baþlatýldý
DEBUG: load_sources_worker baþladý
DEBUG: show_anime_details tamamlandý
DEBUG: TürkAnime aramasý baþlatýlýyor (timeout: 8s)
DEBUG: AnimeciX aramasý baþlatýlýyor (timeout: 8s)
DEBUG: AniList aramasý baþlatýlýyor (timeout: 5s)
DEBUG: Anizle aramasý baþlatýlýyor (timeout: 10s)
DEBUG: AniList tamamlandý - 1 sonuç
DEBUG: AniList tamamlandý: 0.29s
DEBUG: AnimeciX tamamlandý - 8 bölüm
DEBUG: AnimeciX tamamlandý: 0.50s
DEBUG: TürkAnime tamamlandý - 5 bölüm
DEBUG: TürkAnime tamamlandý: 1.31s
DEBUG: Anizle tamamlandý - 1095 bölüm
DEBUG: Anizle tamamlandý: 2.48s
INFO: Baþarýyla yüklenen kaynaklar: TürkAnime, AnimeciX, AniList, Anizle
DEBUG: all_episodes set to: ['AniList', 'AnimeciX', 'TürkAnime', 'Anizle']
DEBUG: render_sources_page scheduled
DEBUG: render_sources_page çaðrýldý, all_episodes: ['AniList', 'AnimeciX', 'TürkAnime', 'Anizle']
DEBUG: render_sources_page tamamlandý
DEBUG: create_accordion baþladý
DEBUG: create_accordion tamamlandý
DEBUG: show_anime_details çaðrýldý: Yuusha Party wo Oidasareta Kiyou Binbou
DEBUG: Thread baþlatýlýyor
DEBUG: load_sources_worker baþladý
DEBUG: Thread baþlatýldý
DEBUG: TürkAnime aramasý baþlatýlýyor (timeout: 8s)
DEBUG: AnimeciX aramasý baþlatýlýyor (timeout: 8s)
DEBUG: show_anime_details tamamlandý
imeout: 5s)
DEBUG: Anizle aramasý baþlatýlýyor (timeout: 10s)
DEBUG: AniList tamamlandý - 1 sonuç
DEBUG: AniList tamamlandý: 0.32s
DEBUG: AnimeciX tamamlandý - 1 bölüm
DEBUG: AnimeciX tamamlandý: 0.75s
DEBUG: TürkAnime - sonuç bulunamadý
DEBUG: TürkAnime tamamlandý: 1.22s
DEBUG: Anizle tamamlandý - 2 bölüm
DEBUG: Anizle tamamlandý: 2.77s
INFO: Baþarýyla yüklenen kaynaklar: AnimeciX, AniList, Anizle
INFO: Sonuç bulunmayan kaynaklar: TürkAnime
DEBUG: all_episodes set to: ['AniList', 'AnimeciX', 'Anizle']
DEBUG: render_sources_page scheduled
DEBUG: render_sources_page çaðrýldý, all_episodes: ['AniList', 'AnimeciX', 'Anizle']
DEBUG: render_sources_page tamamlandý
DEBUG: create_accordion baþladý
DEBUG: create_accordion tamamlandý
DEBUG: show_anime_details çaðrýldý: Gachiakuta
DEBUG: Thread baþlatýlýyor
DEBUG: load_sources_worker baþladý
DEBUG: Thread baþlatýldý
DEBUG: show_anime_details tamamlandý
DEBUG: TürkAnime aramasý baþlatýlýyor (timeout: 8s)
DEBUG: Anizle aramasý baþlatýlýyor (timeout: 10s)
DEBUG: AnimeciX aramasý baþlatýlýyor (timeout: 8s)
DEBUG: AniList aramasý baþlatýlýyor (timeout: 5s)
DEBUG: AniList tamamlandý - 1 sonuç
DEBUG: AniList tamamlandý: 0.64s
DEBUG: AnimeciX tamamlandý - 24 bölüm
DEBUG: AnimeciX tamamlandý: 0.81s
DEBUG: TürkAnime tamamlandý - 24 bölüm
DEBUG: TürkAnime tamamlandý: 0.90s
DEBUG: Anizle tamamlandý - 24 bölüm
DEBUG: Anizle tamamlandý: 0.98s
INFO: Baþarýyla yüklenen kaynaklar: TürkAnime, AnimeciX, AniList, Anizle
DEBUG: all_episodes set to: ['AniList', 'AnimeciX', 'TürkAnime', 'Anizle']
DEBUG: render_sources_page scheduled
DEBUG: render_sources_page çaðrýldý, all_episodes: ['AniList', 'AnimeciX', 'TürkAnime', 'Anizle']
DEBUG: render_sources_page tamamlandý
DEBUG: create_accordion baþladý
DEBUG: create_accordion tamamlandý
DEBUG: show_anime_details çaðrýldý: Yuusha Party wo Oidasareta Kiyou Binbou
DEBUG: Thread baþlatýlýyor
DEBUG: Thread baþlatýldý
DEBUG: load_sources_worker baþladý
DEBUG: show_anime_details tamamlandý
DEBUG: TürkAnime aramasý baþlatýlýyor (timeout: 8s)
DEBUG: AnimeciX aramasý baþlatýlýyor (timeout: 8s)
DEBUG: AniList aramasý baþlatýlýyor (timeout: 5s)
DEBUG: Anizle aramasý baþlatýlýyor (timeout: 10s)
DEBUG: AniList tamamlandý - 1 sonuç
DEBUG: AniList tamamlandý: 0.31s
DEBUG: AnimeciX tamamlandý - 1 bölüm
DEBUG: AnimeciX tamamlandý: 0.79s
DEBUG: TürkAnime - sonuç bulunamadý
DEBUG: TürkAnime tamamlandý: 1.16s
DEBUG: Anizle tamamlandý - 2 bölüm
DEBUG: Anizle tamamlandý: 3.00s
INFO: Baþarýyla yüklenen kaynaklar: AnimeciX, AniList, Anizle
INFO: Sonuç bulunmayan kaynaklar: TürkAnime
DEBUG: all_episodes set to: ['AniList', 'AnimeciX', 'Anizle']
DEBUG: render_sources_page scheduled
DEBUG: render_sources_page çaðrýldý, all_episodes: ['AniList', 'AnimeciX', 'Anizle']
DEBUG: render_sources_page tamamlandý
DEBUG: create_accordion baþladý
ERROR: create_accordion hatasý: AccordionSourceEpisodeList._load_more_episodes() missing 2 required positional arguments: 'source_name' and 'source_frame'
DEBUG: show_anime_details çaðrýldý: Yuusha Party wo Oidasareta Kiyou Binbou
DEBUG: Thread baþlatýlýyor
DEBUG: Thread baþlatýldý
DEBUG: load_sources_worker baþladý
DEBUG: show_anime_details tamamlandý
DEBUG: TürkAnime aramasý baþlatýlýyor (timeout: 8s)
DEBUG: AnimeciX aramasý baþlatýlýyor (timeout: 8s)
DEBUG: AniList aramasý baþlatýlýyor (timeout: 5s)
DEBUG: Anizle aramasý baþlatýlýyor (timeout: 10s)
DEBUG: AniList tamamlandý - 1 sonuç
DEBUG: AniList tamamlandý: 0.30s
DEBUG: AnimeciX tamamlandý - 1 bölüm
DEBUG: AnimeciX tamamlandý: 0.64s
DEBUG: TürkAnime - sonuç bulunamadý
DEBUG: TürkAnime tamamlandý: 0.81s
DEBUG: Anizle tamamlandý - 2 bölüm
DEBUG: Anizle tamamlandý: 3.18s
INFO: Baþarýyla yüklenen kaynaklar: AnimeciX, AniList, Anizle
INFO: Sonuç bulunmayan kaynaklar: TürkAnime
DEBUG: all_episodes set to: ['AniList', 'AnimeciX', 'Anizle']
DEBUG: render_sources_page scheduled
DEBUG: render_sources_page çaðrýldý, all_episodes: ['AniList', 'AnimeciX', 'Anizle']
DEBUG: render_sources_page tamamlandý
DEBUG: create_accordion baþladý
DEBUG: create_accordion tamamlandý
DEBUG: show_anime_details çaðrýldý: Yuusha Party wo Oidasareta Kiyou Binbou
DEBUG: Thread baþlatýlýyor
DEBUG: load_sources_worker baþladý
DEBUG: Thread baþlatýldý
DEBUG: show_anime_details tamamlandý
DEBUG: TürkAnime aramasý baþlatýlýyor (timeout: 8s)
DEBUG: AnimeciX aramasý baþlatýlýyor (timeout: 8s)
DEBUG: AniList aramasý baþlatýlýyor (timeout: 5s)
DEBUG: Anizle aramasý baþlatýlýyor (timeout: 10s)
DEBUG: AniList tamamlandý - 1 sonuç
DEBUG: AniList tamamlandý: 0.27s
DEBUG: AnimeciX tamamlandý - 1 bölüm
DEBUG: AnimeciX tamamlandý: 0.75s
DEBUG: TürkAnime - sonuç bulunamadý
DEBUG: TürkAnime tamamlandý: 0.92s
DEBUG: Anizle tamamlandý - 2 bölüm
DEBUG: Anizle tamamlandý: 2.64s
INFO: Baþarýyla yüklenen kaynaklar: AnimeciX, AniList, Anizle
INFO: Sonuç bulunmayan kaynaklar: TürkAnime
DEBUG: all_episodes set to: ['AniList', 'AnimeciX', 'Anizle']
DEBUG: render_sources_page scheduled
DEBUG: render_sources_page çaðrýldý, all_episodes: ['AniList', 'AnimeciX', 'Anizle']
DEBUG: render_sources_page tamamlandý
DEBUG: create_accordion baþladý
DEBUG: create_accordion tamamlandý
DEBUG: show_anime_details çaðrýldý: Gachiakuta
DEBUG: Thread baþlatýlýyor
DEBUG: Thread baþlatýldý
 baþladý
DEBUG: show_anime_details tamamlandý
DEBUG: TürkAnime aramasý baþlatýlýyor (timeout: 8s)
DEBUG: AnimeciX aramasý baþlatýlýyor (timeout: 8s)
DEBUG: AniList aramasý baþlatýlýyor (timeout: 5s)
DEBUG: Anizle aramasý baþlatýlýyor (timeout: 10s)
DEBUG: AniList tamamlandý - 1 sonuç
DEBUG: AniList tamamlandý: 0.63s
DEBUG: TürkAnime tamamlandý - 24 bölüm
DEBUG: TürkAnime tamamlandý: 0.70s
DEBUG: AnimeciX tamamlandý - 24 bölüm
DEBUG: AnimeciX tamamlandý: 0.89s
DEBUG: Anizle tamamlandý - 24 bölüm
DEBUG: Anizle tamamlandý: 1.04s
INFO: Baþarýyla yüklenen kaynaklar: TürkAnime, AnimeciX, AniList, Anizle
DEBUG: all_episodes set to: ['AniList', 'TürkAnime', 'AnimeciX', 'Anizle']
DEBUG: render_sources_page scheduled
DEBUG: render_sources_page çaðrýldý, all_episodes: ['AniList', 'TürkAnime', 'AnimeciX', 'Anizle']
DEBUG: render_sources_page tamamlandý
DEBUG: create_accordion baþladý
DEBUG: create_accordion tamamlandý
DEBUG: show_anime_details çaðrýldý: Gachiakuta
DEBUG: Thread baþlatýlýyor
DEBUG: Thread baþlatýldý
 baþladý
DEBUG: show_anime_details tamamlandý
DEBUG: TürkAnime aramasý baþlatýlýyor (timeout: 8s)
DEBUG: AnimeciX aramasý baþlatýlýyor (timeout: 8s)
DEBUG: AniList aramasý baþlatýlýyor (timeout: 5s)
DEBUG: Anizle aramasý baþlatýlýyor (timeout: 10s)
DEBUG: AniList tamamlandý - 1 sonuç
DEBUG: AniList tamamlandý: 0.29s
DEBUG: AnimeciX tamamlandý - 24 bölüm
DEBUG: AnimeciX tamamlandý: 0.66s
DEBUG: TürkAnime tamamlandý - 24 bölüm
DEBUG: TürkAnime tamamlandý: 1.21s
DEBUG: Anizle tamamlandý - 24 bölüm
DEBUG: Anizle tamamlandý: 2.36s
INFO: Baþarýyla yüklenen kaynaklar: TürkAnime, AnimeciX, AniList, Anizle
DEBUG: all_episodes set to: ['AniList', 'AnimeciX', 'TürkAnime', 'Anizle']
DEBUG: render_sources_page scheduled
DEBUG: render_sources_page çaðrýldý, all_episodes: ['AniList', 'AnimeciX', 'TürkAnime', 'Anizle']
DEBUG: render_sources_page tamamlandý
DEBUG: create_accordion baþladý
DEBUG: create_accordion tamamlandý
DEBUG: show_anime_details çaðrýldý: Sousou no Frieren 2nd Season
DEBUG: show_anime_details çaðrýldý: JUJUTSU KAISEN Shimetsu Kaiyu Zenpen
DEBUG: show_anime_details çaðrýldý: JUJUTSU KAISEN Shimetsu Kaiyu Zenpen
DEBUG: show_anime_details çaðrýldý: Jigokuraku 2nd Season
DEBUG: show_anime_details çaðrýldý: Jigokuraku 2nd Season
DEBUG: Thread baþlatýlýyor
DEBUG: load_sources_worker baþladý
DEBUG: show_anime_details tamamlandý
DEBUG: TürkAnime aramasý baþlatýlýyor (timeout: 8s)
DEBUG: AnimeciX aramasý baþlatýlýyor (timeout: 8s)
DEBUG: AniList aramasý baþlatýlýyor (timeout: 5s)
DEBUG: Anizle aramasý baþlatýlýyor (timeout: 10s)
DEBUG: AniList tamamlandý - 1 sonuç
DEBUG: AniList tamamlandý: 0.39s
DEBUG: TürkAnime - sonuç bulunamadý
DEBUG: TürkAnime tamamlandý: 0.86s
DEBUG: AnimeciX tamamlandý - 13 bölüm
DEBUG: AnimeciX tamamlandý: 0.86s
DEBUG: Anizle tamamlandý - 1 bölüm
DEBUG: Anizle tamamlandý: 2.70s
INFO: Baþarýyla yüklenen kaynaklar: AnimeciX, AniList, Anizle
INFO: Sonuç bulunmayan kaynaklar: TürkAnime
DEBUG: all_episodes set to: ['AniList', 'AnimeciX', 'Anizle']
DEBUG: render_sources_page scheduled
DEBUG: render_sources_page çaðrýldý, all_episodes: ['AniList', 'AnimeciX', 'Anizle']
DEBUG: render_sources_page tamamlandý
DEBUG: create_accordion baþladý
DEBUG: create_accordion tamamlandý
DEBUG: show_anime_details çaðrýldý: JUJUTSU KAISEN Shimetsu Kaiyu Zenpen
DEBUG: Thread baþlatýlýyor
DEBUG: Thread baþlatýldý
DEBUG: load_sources_worker baþladý
DEBUG: show_anime_details tamamlandý
DEBUG: TürkAnime aramasý baþlatýlýyor (timeout: 8s)
DEBUG: AnimeciX aramasý baþlatýlýyor (timeout: 8s)
DEBUG: AniList aramasý baþlatýlýyor (timeout: 5s)
DEBUG: AniList tamamlandý - 1 sonuç
DEBUG: AniList tamamlandý: 0.41s
DEBUG: TürkAnime - sonuç bulunamadý
DEBUG: TürkAnime tamamlandý: 0.81s
DEBUG: AnimeciX tamamlandý - 48 bölüm
DEBUG: AnimeciX tamamlandý: 1.59s
DEBUG: Anizle tamamlandý - 23 bölüm
DEBUG: Anizle tamamlandý: 2.67s
INFO: Baþarýyla yüklenen kaynaklar: AnimeciX, AniList, Anizle
INFO: Sonuç bulunmayan kaynaklar: TürkAnime
DEBUG: all_episodes set to: ['AniList', 'AnimeciX', 'Anizle']
DEBUG: render_sources_page scheduled
DEBUG: render_sources_page çaðrýldý, all_episodes: ['AniList', 'AnimeciX', 'Anizle']
DEBUG: render_sources_page tamamlandý
DEBUG: create_accordion baþladý
DEBUG: create_accordion tamamlandý
DEBUG: show_anime_details çaðrýldý: Sousou no Frieren 2nd Season
DEBUG: Thread baþlatýlýyor
DEBUG: Thread baþlatýldý
DEBUG: load_sources_worker baþladý
DEBUG: show_anime_details tamamlandý
DEBUG: TürkAnime aramasý baþlatýlýyor (timeout: 8s)
DEBUG: AnimeciX aramasý baþlatýlýyor (timeout: 8s)
DEBUG: AniList aramasý baþlatýlýyor (timeout: 5s)
DEBUG: Anizle aramasý baþlatýlýyor (timeout: 10s)
DEBUG: AniList tamamlandý - 1 sonuç
DEBUG: AniList tamamlandý: 0.38s
DEBUG: AnimeciX tamamlandý - 29 bölüm
DEBUG: AnimeciX tamamlandý: 0.71s
DEBUG: TürkAnime - sonuç bulunamadý
DEBUG: TürkAnime tamamlandý: 0.89s
DEBUG: Anizle tamamlandý - 1 bölüm
DEBUG: Anizle tamamlandý: 2.35s
INFO: Baþarýyla yüklenen kaynaklar: AnimeciX, AniList, Anizle
INFO: Sonuç bulunmayan kaynaklar: TürkAnime
DEBUG: all_episodes set to: ['AniList', 'AnimeciX', 'Anizle']
DEBUG: render_sources_page scheduled
DEBUG: render_sources_page çaðrýldý, all_episodes: ['AniList', 'AnimeciX', 'Anizle']
DEBUG: render_sources_page tamamlandý
DEBUG: create_accordion baþladý
DEBUG: create_accordion tamamlandý
DEBUG: show_anime_details çaðrýldý: One Piece
DEBUG: Thread baþlatýlýyor
DEBUG: Thread baþlatýldý
DEBUG: load_sources_worker baþladý
DEBUG: show_anime_details tamamlandý
DEBUG: TürkAnime aramasý baþlatýlýyor (timeout: 8s)
DEBUG: AnimeciX aramasý baþlatýlýyor (timeout: 8s)
DEBUG: AniList aramasý baþlatýlýyor (timeout: 5s)
DEBUG: Anizle aramasý baþlatýlýyor (timeout: 10s)
DEBUG: AniList tamamlandý - 1 sonuç
DEBUG: AniList tamamlandý: 0.30s
DEBUG: AnimeciX tamamlandý - 8 bölüm
DEBUG: AnimeciX tamamlandý: 0.66s
DEBUG: TürkAnime tamamlandý - 5 bölüm
DEBUG: TürkAnime tamamlandý: 1.21s
DEBUG: Anizle tamamlandý - 1097 bölüm
DEBUG: Anizle tamamlandý: 2.54s
INFO: Baþarýyla yüklenen kaynaklar: TürkAnime, AnimeciX, AniList, Anizle
DEBUG: all_episodes set to: ['AniList', 'AnimeciX', 'TürkAnime', 'Anizle']
DEBUG: render_sources_page scheduled
DEBUG: render_sources_page çaðrýldý, all_episodes: ['AniList', 'AnimeciX', 'TürkAnime', 'Anizle']
DEBUG: render_sources_page tamamlandý
DEBUG: create_accordion baþladý
DEBUG: create_accordion tamamlandý
DEBUG: show_anime_details çaðrýldý: Fate/strange Fake
DEBUG: Thread baþlatýlýyor
DEBUG: load_sources_worker baþladý
DEBUG: Thread baþlatýldý
DEBUG: show_anime_details tamamlandý
DEBUG: TürkAnime aramasý baþlatýlýyor (timeout: 8s)
DEBUG: AnimeciX aramasý baþlatýlýyor (timeout: 8s)
DEBUG: AniList aramasý baþlatýlýyor (timeout: 5s)
DEBUG: Anizle aramasý baþlatýlýyor (timeout: 10s)
DEBUG: AniList tamamlandý - 1 sonuç
DEBUG: AniList tamamlandý: 0.34s
DEBUG: AnimeciX tamamlandý - 1 bölüm
DEBUG: AnimeciX tamamlandý: 0.60s
DEBUG: TürkAnime tamamlandý - 1 bölüm
DEBUG: TürkAnime tamamlandý: 1.12s
DEBUG: Anizle tamamlandý - 1 bölüm
DEBUG: Anizle tamamlandý: 3.75s
INFO: Baþarýyla yüklenen kaynaklar: TürkAnime, AnimeciX, AniList, Anizle
DEBUG: all_episodes set to: ['AniList', 'AnimeciX', 'TürkAnime', 'Anizle']
DEBUG: render_sources_page scheduled
DEBUG: render_sources_page çaðrýldý, all_episodes: ['AniList', 'AnimeciX', 'TürkAnime', 'Anizle']
DEBUG: render_sources_page tamamlandý
DEBUG: create_accordion baþladý
DEBUG: create_accordion tamamlandý
DEBUG: show_anime_details çaðrýldý: MF Ghost 3rd Season
DEBUG: Thread baþlatýlýyor
DEBUG: load_sources_worker baþladý
DEBUG: Thread baþlatýldý
DEBUG: show_anime_details tamamlandý
DEBUG: TürkAnime aramasý baþlatýlýyor (timeout: 8s)
DEBUG: AnimeciX aramasý baþlatýlýyor (timeout: 8s)
DEBUG: AniList aramasý baþlatýlýyor (timeout: 5s)
DEBUG: Anizle aramasý baþlatýlýyor (timeout: 10s)
DEBUG: AniList tamamlandý - 1 sonuç
DEBUG: AniList tamamlandý: 0.37s
DEBUG: TürkAnime - sonuç bulunamadý
DEBUG: TürkAnime tamamlandý: 1.10s
DEBUG: AnimeciX tamamlandý - 28 bölüm
DEBUG: AnimeciX tamamlandý: 1.22s
DEBUG: Anizle tamamlandý - 1 bölüm
DEBUG: Anizle tamamlandý: 3.53s
INFO: Baþarýyla yüklenen kaynaklar: AnimeciX, AniList, Anizle
INFO: Sonuç bulunmayan kaynaklar: TürkAnime
DEBUG: all_episodes set to: ['AniList', 'AnimeciX', 'Anizle']
DEBUG: render_sources_page scheduled
DEBUG: render_sources_page çaðrýldý, all_episodes: ['AniList', 'AnimeciX', 'Anizle']
DEBUG: render_sources_page tamamlandý
DEBUG: create_accordion baþladý
DEBUG: create_accordion tamamlandý
DEBUG: show_anime_details çaðrýldý: MF Ghost 3rd Season
DEBUG: Thread baþlatýlýyor
DEBUG: Thread baþlatýldý
DEBUG: load_sources_worker baþladý
DEBUG: show_anime_details tamamlandý
DEBUG: TürkAnime aramasý baþlatýlýyor (timeout: 8s)
DEBUG: AnimeciX aramasý baþlatýlýyor (timeout: 8s)
DEBUG: AniList aramasý baþlatýlýyor (timeout: 5s)
DEBUG: Anizle aramasý baþlatýlýyor (timeout: 10s)
DEBUG: TürkAnime - sonuç bulunamadý
DEBUG: TürkAnime tamamlandý: 0.65s
DEBUG: AniList tamamlandý - 1 sonuç
DEBUG: AniList tamamlandý: 0.81s
DEBUG: Anizle tamamlandý - 1 bölüm
DEBUG: Anizle tamamlandý: 1.00s
DEBUG: AnimeciX tamamlandý - 28 bölüm
DEBUG: AnimeciX tamamlandý: 1.45s
INFO: Baþarýyla yüklenen kaynaklar: AnimeciX, AniList, Anizle
INFO: Sonuç bulunmayan kaynaklar: TürkAnime
DEBUG: all_episodes set to: ['AniList', 'Anizle', 'AnimeciX']
DEBUG: render_sources_page scheduled
DEBUG: render_sources_page çaðrýldý, all_episodes: ['AniList', 'Anizle', 'AnimeciX']
DEBUG: render_sources_page tamamlandý
DEBUG: create_accordion baþladý
DEBUG: create_accordion tamamlandý
DEBUG: show_anime_details çaðrýldý: One Piece
DEBUG: Thread baþlatýlýyor
DEBUG: load_sources_worker baþladý
DEBUG: Thread baþlatýldý
DEBUG: TürkAnime aramasý baþlatýlýyor (timeout: 8s)
DEBUG: show_anime_details tamamlandý
DEBUG: AnimeciX aramasý baþlatýlýyor (timeout: 8s)
DEBUG: Anizle aramasý baþlatýlýyor (timeout: 8s)
DEBUG: Animely aramasý baþlatýlýyor (timeout: 10s)
DEBUG: AniList aramasý baþlatýlýyor (timeout: 5s)
DEBUG: AniList tamamlandý - 1 sonuç
DEBUG: AniList tamamlandý: 0.32s
DEBUG: AnimeciX tamamlandý - 8 bölüm
DEBUG: AnimeciX tamamlandý: 0.69s
DEBUG: TürkAnime tamamlandý - 5 bölüm
DEBUG: TürkAnime tamamlandý: 1.25s
DEBUG: Anizle tamamlandý - 1097 bölüm
DEBUG: Anizle tamamlandý: 2.44s
ERROR: Animely timeout (10s) - kaynak atlandý
ERROR: Animely thread timeout - kaynak atlandý
INFO: Baþarýyla yüklenen kaynaklar: TürkAnime, AnimeciX, AniList, Anizle
ERROR: Baþarýsýz olan kaynaklar: Animely
DEBUG: all_episodes set to: ['AniList', 'AnimeciX', 'TürkAnime', 'Anizle', 'Animely']
DEBUG: render_sources_page scheduled
DEBUG: render_sources_page çaðrýldý, all_episodes: ['AniList', 'AnimeciX', 'TürkAnime', 'Anizle', 'Animely']
DEBUG: Animely - sonuç bulunamadý
DEBUG: Animely tamamlandý: 15.15s
DEBUG: render_sources_page tamamlandý
DEBUG: create_accordion baþladý
DEBUG: create_accordion tamamlandý
DEBUG: show_anime_details çaðrýldý: Chiikawa
DEBUG: Thread baþlatýlýyor
DEBUG: Thread baþlatýldý
DEBUG: load_sources_worker baþladý
DEBUG: show_anime_details tamamlandý
DEBUG: TürkAnime aramasý baþlatýlýyor (timeout: 8s)
DEBUG: AnimeciX aramasý baþlatýlýyor (timeout: 8s)
DEBUG: Anizle aramasý baþlatýlýyor (timeout: 8s)
DEBUG: AniList aramasý baþlatýlýyor (timeout: 5s)
DEBUG: Animely aramasý baþlatýlýyor (timeout: 10s)
DEBUG: TürkAnime - sonuç bulunamadý
DEBUG: TürkAnime tamamlandý: 0.52s
DEBUG: AniList tamamlandý - 1 sonuç
DEBUG: AniList tamamlandý: 0.69s
DEBUG: Anizle tamamlandý - 2 bölüm
DEBUG: Anizle tamamlandý: 0.81s
DEBUG: AnimeciX tamamlandý - 46 bölüm
DEBUG: AnimeciX tamamlandý: 1.08s
ERROR: Animely timeout (10s) - kaynak atlandý
ERROR: Animely thread timeout - kaynak atlandý
INFO: Baþarýyla yüklenen kaynaklar: AnimeciX, AniList, Anizle
ERROR: Baþarýsýz olan kaynaklar: Animely
INFO: Sonuç bulunmayan kaynaklar: TürkAnime
DEBUG: all_episodes set to: ['AniList', 'Anizle', 'AnimeciX', 'Animely']
DEBUG: render_sources_page scheduled
DEBUG: render_sources_page çaðrýldý, all_episodes: ['AniList', 'Anizle', 'AnimeciX', 'Animely']
DEBUG: Animely - sonuç bulunamadý
DEBUG: Animely tamamlandý: 15.67s
DEBUG: show_anime_details çaðrýldý: Jigokuraku 2nd Season
DEBUG: Thread baþlatýlýyor
DEBUG: load_sources_worker baþladý
DEBUG: Thread baþlatýldý
DEBUG: show_anime_details tamamlandý
DEBUG: TürkAnime aramasý baþlatýlýyor (timeout: 8s)
DEBUG: AnimeciX aramasý baþlatýlýyor (timeout: 8s)
DEBUG: AniList aramasý baþlatýlýyor (timeout: 5s)
DEBUG: Anizle aramasý baþlatýlýyor (timeout: 8s)
DEBUG: Animely aramasý baþlatýlýyor (timeout: 10s)
DEBUG: TürkAnime - sonuç bulunamadý
DEBUG: AniList tamamlandý - 1 sonuç
DEBUG: TürkAnime tamamlandý: 0.69s
DEBUG: AniList tamamlandý: 0.69s
DEBUG: Anizle tamamlandý - 1 bölüm
DEBUG: Anizle tamamlandý: 1.20s
DEBUG: AnimeciX tamamlandý - 13 bölüm
DEBUG: AnimeciX tamamlandý: 1.23s
ERROR: Animely timeout (10s) - kaynak atlandý
ERROR: Animely thread timeout - kaynak atlandý
INFO: Baþarýyla yüklenen kaynaklar: AnimeciX, AniList, Anizle
ERROR: Baþarýsýz olan kaynaklar: Animely
INFO: Sonuç bulunmayan kaynaklar: TürkAnime
DEBUG: all_episodes set to: ['AniList', 'Anizle', 'AnimeciX', 'Animely']
DEBUG: render_sources_page scheduled
DEBUG: render_sources_page çaðrýldý, all_episodes: ['AniList', 'Anizle', 'AnimeciX', 'Animely']
DEBUG: render_sources_page tamamlandý
DEBUG: create_accordion baþladý
DEBUG: Animely - sonuç bulunamadý
DEBUG: Animely tamamlandý: 15.74s
DEBUG: create_accordion tamamlandý
DEBUG: show_anime_details çaðrýldý: Jigokuraku
DEBUG: Thread baþlatýlýyor
DEBUG: load_sources_worker baþladý
DEBUG: Thread baþlatýldý
DEBUG: show_anime_details tamamlandý
DEBUG: TürkAnime aramasý baþlatýlýyor (timeout: 8s)
DEBUG: AnimeciX aramasý baþlatýlýyor (timeout: 8s)
DEBUG: Anizle aramasý baþlatýlýyor (timeout: 8s)
DEBUG: Animely aramasý baþlatýlýyor (timeout: 10s)
DEBUG: AniList aramasý baþlatýlýyor (timeout: 5s)
DEBUG: AniList tamamlandý - 1 sonuç
DEBUG: AniList tamamlandý: 0.67s
DEBUG: TürkAnime tamamlandý - 13 bölüm
DEBUG: TürkAnime tamamlandý: 0.81s
DEBUG: Anizle tamamlandý - 13 bölüm
DEBUG: Anizle tamamlandý: 0.92s
DEBUG: AnimeciX tamamlandý - 13 bölüm
DEBUG: AnimeciX tamamlandý: 1.15s
ERROR: Animely timeout (10s) - kaynak atlandý
ERROR: Animely thread timeout - kaynak atlandý
INFO: Baþarýyla yüklenen kaynaklar: TürkAnime, AnimeciX, AniList, Anizle
ERROR: Baþarýsýz olan kaynaklar: Animely
DEBUG: all_episodes set to: ['AniList', 'TürkAnime', 'Anizle', 'AnimeciX', 'Animely']
DEBUG: render_sources_page scheduled
DEBUG: render_sources_page çaðrýldý, all_episodes: ['AniList', 'TürkAnime', 'Anizle', 'AnimeciX', 'Animely']
DEBUG: render_sources_page tamamlandý
DEBUG: create_accordion baþladý
DEBUG: Animely - sonuç bulunamadý
DEBUG: Animely tamamlandý: 15.41s
DEBUG: create_accordion tamamlandý
DEBUG: show_anime_details çaðrýldý: Jigokuraku
DEBUG: Thread baþlatýlýyor
DEBUG: load_sources_worker baþladý
DEBUG: Thread baþlatýldý
DEBUG: show_anime_details tamamlandý
DEBUG: TürkAnime aramasý baþlatýlýyor (timeout: 8s)
DEBUG: AnimeciX aramasý baþlatýlýyor (timeout: 8s)
DEBUG: AniList aramasý baþlatýlýyor (timeout: 5s)
DEBUG: Animely aramasý baþlatýlýyor (timeout: 10s)
DEBUG: AniList tamamlandý - 1 sonuç
DEBUG: AniList tamamlandý: 0.57s
DEBUG: TürkAnime tamamlandý - 13 bölüm
DEBUG: TürkAnime tamamlandý: 0.82s
DEBUG: Anizle tamamlandý - 13 bölüm
DEBUG: Anizle tamamlandý: 0.92s
DEBUG: AnimeciX tamamlandý - 13 bölüm
DEBUG: AnimeciX tamamlandý: 1.24s
ERROR: Animely timeout (10s) - kaynak atlandý
ERROR: Animely thread timeout - kaynak atlandý
INFO: Baþarýyla yüklenen kaynaklar: TürkAnime, AnimeciX, AniList, Anizle
ERROR: Baþarýsýz olan kaynaklar: Animely
DEBUG: all_episodes set to: ['AniList', 'TürkAnime', 'Anizle', 'AnimeciX', 'Animely']
DEBUG: render_sources_page scheduled
DEBUG: render_sources_page çaðrýldý, all_episodes: ['AniList', 'TürkAnime', 'Anizle', 'AnimeciX', 'Animely']
DEBUG: render_sources_page tamamlandý
DEBUG: create_accordion baþladý
DEBUG: Animely - sonuç bulunamadý
DEBUG: Animely tamamlandý: 15.82s
DEBUG: create_accordion tamamlandý
DEBUG: show_anime_details çaðrýldý: Jigokuraku 2nd Season
DEBUG: Thread baþlatýlýyor
DEBUG: load_sources_worker baþladý
DEBUG: Thread baþlatýldý
DEBUG: show_anime_details tamamlandý
DEBUG: TürkAnime aramasý baþlatýlýyor (timeout: 8s)
DEBUG: AnimeciX aramasý baþlatýlýyor (timeout: 8s)
DEBUG: AniList aramasý baþlatýlýyor (timeout: 5s)
DEBUG: Animely aramasý baþlatýlýyor (timeout: 10s)
DEBUG: Anizle aramasý baþlatýlýyor (timeout: 8s)
DEBUG: AniList tamamlandý - 1 sonuç
DEBUG: AniList tamamlandý: 0.65s
DEBUG: TürkAnime - sonuç bulunamadý
DEBUG: TürkAnime tamamlandý: 0.71s
DEBUG: Anizle tamamlandý - 1 bölüm
DEBUG: Anizle tamamlandý: 1.15s
DEBUG: AnimeciX tamamlandý - 13 bölüm
DEBUG: AnimeciX tamamlandý: 1.41s
ERROR: Animely timeout (10s) - kaynak atlandý
ERROR: Animely thread timeout - kaynak atlandý
INFO: Baþarýyla yüklenen kaynaklar: AnimeciX, AniList, Anizle
ERROR: Baþarýsýz olan kaynaklar: Animely
INFO: Sonuç bulunmayan kaynaklar: TürkAnime
DEBUG: all_episodes set to: ['AniList', 'Anizle', 'AnimeciX', 'Animely']
DEBUG: render_sources_page scheduled
DEBUG: render_sources_page çaðrýldý, all_episodes: ['AniList', 'Anizle', 'AnimeciX', 'Animely']
DEBUG: Animely - sonuç bulunamadý
DEBUG: Animely tamamlandý: 15.14s
DEBUG: render_sources_page tamamlandý
DEBUG: create_accordion baþladý
DEBUG: create_accordion tamamlandý
